ARM GAS  C:\Users\Kiana\AppData\Local\Temp\cceEIiQH.s 			page 1


   1              		.cpu cortex-m4
   2              		.eabi_attribute 27, 1
   3              		.eabi_attribute 28, 1
   4              		.eabi_attribute 20, 1
   5              		.eabi_attribute 21, 1
   6              		.eabi_attribute 23, 3
   7              		.eabi_attribute 24, 1
   8              		.eabi_attribute 25, 1
   9              		.eabi_attribute 26, 1
  10              		.eabi_attribute 30, 1
  11              		.eabi_attribute 34, 1
  12              		.eabi_attribute 18, 4
  13              		.file	"bsp_led.c"
  14              		.text
  15              	.Ltext0:
  16              		.cfi_sections	.debug_frame
  17              		.section	.text.LED_GPIO_Init,"ax",%progbits
  18              		.align	1
  19              		.global	LED_GPIO_Init
  20              		.arch armv7e-m
  21              		.syntax unified
  22              		.thumb
  23              		.thumb_func
  24              		.fpu fpv4-sp-d16
  26              	LED_GPIO_Init:
  27              	.LFB130:
  28              		.file 1 "BSP/LED/Src/bsp_led.c"
   1:BSP/LED/Src/bsp_led.c **** /**
   2:BSP/LED/Src/bsp_led.c ****   ******************************************************************************
   3:BSP/LED/Src/bsp_led.c ****   * @file    bsp_led.c
   4:BSP/LED/Src/bsp_led.c ****   * @brief   This is a source file for BSP_LED
   5:BSP/LED/Src/bsp_led.c ****   ******************************************************************************
   6:BSP/LED/Src/bsp_led.c ****   */
   7:BSP/LED/Src/bsp_led.c **** 
   8:BSP/LED/Src/bsp_led.c **** 
   9:BSP/LED/Src/bsp_led.c ****  #include "bsp_led.h"
  10:BSP/LED/Src/bsp_led.c **** 
  11:BSP/LED/Src/bsp_led.c ****  void LED_GPIO_Init(void){
  29              		.loc 1 11 26 view -0
  30              		.cfi_startproc
  31              		@ args = 0, pretend = 0, frame = 24
  32              		@ frame_needed = 0, uses_anonymous_args = 0
  33 0000 00B5     		push	{lr}
  34              	.LCFI0:
  35              		.cfi_def_cfa_offset 4
  36              		.cfi_offset 14, -4
  37 0002 87B0     		sub	sp, sp, #28
  38              	.LCFI1:
  39              		.cfi_def_cfa_offset 32
  12:BSP/LED/Src/bsp_led.c ****     GPIO_InitTypeDef LED_GPIO_Init_TypeDef;
  40              		.loc 1 12 5 view .LVU1
  13:BSP/LED/Src/bsp_led.c ****      __HAL_RCC_GPIOB_CLK_ENABLE();
  41              		.loc 1 13 6 view .LVU2
  42              	.LBB2:
  43              		.loc 1 13 6 view .LVU3
  44 0004 0023     		movs	r3, #0
  45 0006 0093     		str	r3, [sp]
ARM GAS  C:\Users\Kiana\AppData\Local\Temp\cceEIiQH.s 			page 2


  46              		.loc 1 13 6 view .LVU4
  47 0008 0B4A     		ldr	r2, .L3
  48 000a 116B     		ldr	r1, [r2, #48]
  49 000c 41F00201 		orr	r1, r1, #2
  50 0010 1163     		str	r1, [r2, #48]
  51              		.loc 1 13 6 view .LVU5
  52 0012 126B     		ldr	r2, [r2, #48]
  53 0014 02F00202 		and	r2, r2, #2
  54 0018 0092     		str	r2, [sp]
  55              		.loc 1 13 6 view .LVU6
  56 001a 009A     		ldr	r2, [sp]
  57              	.LBE2:
  58              		.loc 1 13 6 view .LVU7
  14:BSP/LED/Src/bsp_led.c **** 
  15:BSP/LED/Src/bsp_led.c ****     LED_GPIO_Init_TypeDef.Mode  = GPIO_MODE_OUTPUT_PP;
  59              		.loc 1 15 5 view .LVU8
  60              		.loc 1 15 33 is_stmt 0 view .LVU9
  61 001c 0122     		movs	r2, #1
  62 001e 0292     		str	r2, [sp, #8]
  16:BSP/LED/Src/bsp_led.c ****     LED_GPIO_Init_TypeDef.Pin   = GPIO_PIN_9 | GPIO_PIN_10;
  63              		.loc 1 16 5 is_stmt 1 view .LVU10
  64              		.loc 1 16 33 is_stmt 0 view .LVU11
  65 0020 4FF4C062 		mov	r2, #1536
  66 0024 0192     		str	r2, [sp, #4]
  17:BSP/LED/Src/bsp_led.c ****     LED_GPIO_Init_TypeDef.Pull  = GPIO_NOPULL;
  67              		.loc 1 17 5 is_stmt 1 view .LVU12
  68              		.loc 1 17 33 is_stmt 0 view .LVU13
  69 0026 0393     		str	r3, [sp, #12]
  18:BSP/LED/Src/bsp_led.c ****     LED_GPIO_Init_TypeDef.Speed = GPIO_SPEED_FREQ_LOW;
  70              		.loc 1 18 5 is_stmt 1 view .LVU14
  71              		.loc 1 18 33 is_stmt 0 view .LVU15
  72 0028 0493     		str	r3, [sp, #16]
  19:BSP/LED/Src/bsp_led.c **** 
  20:BSP/LED/Src/bsp_led.c ****      HAL_GPIO_Init(GPIOB,&LED_GPIO_Init_TypeDef);
  73              		.loc 1 20 6 is_stmt 1 view .LVU16
  74 002a 01A9     		add	r1, sp, #4
  75 002c 0348     		ldr	r0, .L3+4
  76 002e FFF7FEFF 		bl	HAL_GPIO_Init
  77              	.LVL0:
  21:BSP/LED/Src/bsp_led.c **** 
  22:BSP/LED/Src/bsp_led.c ****  }
  78              		.loc 1 22 2 is_stmt 0 view .LVU17
  79 0032 07B0     		add	sp, sp, #28
  80              	.LCFI2:
  81              		.cfi_def_cfa_offset 4
  82              		@ sp needed
  83 0034 5DF804FB 		ldr	pc, [sp], #4
  84              	.L4:
  85              		.align	2
  86              	.L3:
  87 0038 00380240 		.word	1073887232
  88 003c 00040240 		.word	1073873920
  89              		.cfi_endproc
  90              	.LFE130:
  92              		.text
  93              	.Letext0:
  94              		.file 2 "d:\\vs_code_stm32\\9 2019-q4-major\\arm-none-eabi\\include\\machine\\_default_types.h"
ARM GAS  C:\Users\Kiana\AppData\Local\Temp\cceEIiQH.s 			page 3


  95              		.file 3 "d:\\vs_code_stm32\\9 2019-q4-major\\arm-none-eabi\\include\\sys\\_stdint.h"
  96              		.file 4 "Drivers/CMSIS/Include/core_cm4.h"
  97              		.file 5 "Drivers/CMSIS/Device/ST/STM32F4xx/Include/system_stm32f4xx.h"
  98              		.file 6 "Drivers/CMSIS/Device/ST/STM32F4xx/Include/stm32f401xc.h"
  99              		.file 7 "Drivers/STM32F4xx_HAL_Driver/Inc/stm32f4xx_hal_gpio.h"
 100              		.file 8 "Drivers/STM32F4xx_HAL_Driver/Inc/stm32f4xx_hal.h"
ARM GAS  C:\Users\Kiana\AppData\Local\Temp\cceEIiQH.s 			page 4


DEFINED SYMBOLS
                            *ABS*:00000000 bsp_led.c
C:\Users\Kiana\AppData\Local\Temp\cceEIiQH.s:18     .text.LED_GPIO_Init:00000000 $t
C:\Users\Kiana\AppData\Local\Temp\cceEIiQH.s:26     .text.LED_GPIO_Init:00000000 LED_GPIO_Init
C:\Users\Kiana\AppData\Local\Temp\cceEIiQH.s:87     .text.LED_GPIO_Init:00000038 $d

UNDEFINED SYMBOLS
HAL_GPIO_Init
